{"C:\\Users\\sarke\\Downloads\\COMP-4350-Group-8\\front-end\\styleMock.js": {"path":"C:\\Users\\sarke\\Downloads\\COMP-4350-Group-8\\front-end\\styleMock.js","statementMap":{"0":{"start":{"line":1,"column":0},"end":{"line":1,"column":20}}},"fnMap":{},"branchMap":{},"s":{"0":4},"f":{},"b":{},"_coverageSchema":"1a1c01bbd47fc00a2c39e90264f33305004495a9","hash":"4e345def3ad1403b41c766e005a62414fad0b53b"}
,"C:\\Users\\sarke\\Downloads\\COMP-4350-Group-8\\front-end\\src\\App.tsx": {"path":"C:\\Users\\sarke\\Downloads\\COMP-4350-Group-8\\front-end\\src\\App.tsx","statementMap":{"0":{"start":{"line":11,"column":2},"end":{"line":23,"column":4}}},"fnMap":{"0":{"name":"App","decl":{"start":{"line":9,"column":9},"end":{"line":9,"column":12}},"loc":{"start":{"line":9,"column":15},"end":{"line":24,"column":1}},"line":9}},"branchMap":{},"s":{"0":4},"f":{"0":4},"b":{},"_coverageSchema":"1a1c01bbd47fc00a2c39e90264f33305004495a9","hash":"9473b997ab0598997ded4d6a2847e9a3dd97d570"}
,"C:\\Users\\sarke\\Downloads\\COMP-4350-Group-8\\front-end\\src\\AuthChoice.tsx": {"path":"C:\\Users\\sarke\\Downloads\\COMP-4350-Group-8\\front-end\\src\\AuthChoice.tsx","statementMap":{"0":{"start":{"line":7,"column":24},"end":{"line":100,"column":1}},"1":{"start":{"line":8,"column":26},"end":{"line":8,"column":48}},"2":{"start":{"line":10,"column":23},"end":{"line":13,"column":3}},"3":{"start":{"line":11,"column":4},"end":{"line":11,"column":26}},"4":{"start":{"line":15,"column":17},"end":{"line":15,"column":19}},"5":{"start":{"line":16,"column":2},"end":{"line":22,"column":3}},"6":{"start":{"line":17,"column":4},"end":{"line":17,"column":51}},"7":{"start":{"line":18,"column":9},"end":{"line":22,"column":3}},"8":{"start":{"line":19,"column":4},"end":{"line":19,"column":47}},"9":{"start":{"line":20,"column":9},"end":{"line":22,"column":3}},"10":{"start":{"line":21,"column":4},"end":{"line":21,"column":34}},"11":{"start":{"line":24,"column":2},"end":{"line":99,"column":4}},"12":{"start":{"line":36,"column":39},"end":{"line":36,"column":64}},"13":{"start":{"line":43,"column":39},"end":{"line":43,"column":64}},"14":{"start":{"line":50,"column":39},"end":{"line":50,"column":60}},"15":{"start":{"line":73,"column":35},"end":{"line":73,"column":46}},"16":{"start":{"line":91,"column":35},"end":{"line":91,"column":46}}},"fnMap":{"0":{"name":"(anonymous_0)","decl":{"start":{"line":7,"column":24},"end":{"line":7,"column":25}},"loc":{"start":{"line":7,"column":30},"end":{"line":100,"column":1}},"line":7},"1":{"name":"(anonymous_1)","decl":{"start":{"line":10,"column":23},"end":{"line":10,"column":24}},"loc":{"start":{"line":10,"column":51},"end":{"line":13,"column":3}},"line":10},"2":{"name":"(anonymous_2)","decl":{"start":{"line":36,"column":33},"end":{"line":36,"column":34}},"loc":{"start":{"line":36,"column":39},"end":{"line":36,"column":64}},"line":36},"3":{"name":"(anonymous_3)","decl":{"start":{"line":43,"column":33},"end":{"line":43,"column":34}},"loc":{"start":{"line":43,"column":39},"end":{"line":43,"column":64}},"line":43},"4":{"name":"(anonymous_4)","decl":{"start":{"line":50,"column":33},"end":{"line":50,"column":34}},"loc":{"start":{"line":50,"column":39},"end":{"line":50,"column":60}},"line":50},"5":{"name":"(anonymous_5)","decl":{"start":{"line":73,"column":29},"end":{"line":73,"column":30}},"loc":{"start":{"line":73,"column":35},"end":{"line":73,"column":46}},"line":73},"6":{"name":"(anonymous_6)","decl":{"start":{"line":91,"column":29},"end":{"line":91,"column":30}},"loc":{"start":{"line":91,"column":35},"end":{"line":91,"column":46}},"line":91}},"branchMap":{"0":{"loc":{"start":{"line":16,"column":2},"end":{"line":22,"column":3}},"type":"if","locations":[{"start":{"line":16,"column":2},"end":{"line":22,"column":3}},{"start":{"line":18,"column":9},"end":{"line":22,"column":3}}],"line":16},"1":{"loc":{"start":{"line":18,"column":9},"end":{"line":22,"column":3}},"type":"if","locations":[{"start":{"line":18,"column":9},"end":{"line":22,"column":3}},{"start":{"line":20,"column":9},"end":{"line":22,"column":3}}],"line":18},"2":{"loc":{"start":{"line":20,"column":9},"end":{"line":22,"column":3}},"type":"if","locations":[{"start":{"line":20,"column":9},"end":{"line":22,"column":3}},{"start":{},"end":{}}],"line":20},"3":{"loc":{"start":{"line":28,"column":9},"end":{"line":56,"column":9}},"type":"binary-expr","locations":[{"start":{"line":28,"column":9},"end":{"line":28,"column":20}},{"start":{"line":29,"column":12},"end":{"line":55,"column":15}}],"line":28},"4":{"loc":{"start":{"line":58,"column":10},"end":{"line":78,"column":9}},"type":"binary-expr","locations":[{"start":{"line":58,"column":11},"end":{"line":58,"column":31}},{"start":{"line":58,"column":35},"end":{"line":58,"column":55}},{"start":{"line":59,"column":12},"end":{"line":77,"column":15}}],"line":58},"5":{"loc":{"start":{"line":80,"column":10},"end":{"line":96,"column":9}},"type":"binary-expr","locations":[{"start":{"line":80,"column":11},"end":{"line":80,"column":27}},{"start":{"line":81,"column":12},"end":{"line":95,"column":15}}],"line":80}},"s":{"0":2,"1":22,"2":22,"3":7,"4":22,"5":22,"6":3,"7":19,"8":3,"9":16,"10":1,"11":22,"12":3,"13":3,"14":1,"15":6,"16":1},"f":{"0":22,"1":7,"2":3,"3":3,"4":1,"5":6,"6":1},"b":{"0":[3,19],"1":[3,16],"2":[1,15],"3":[22,15],"4":[22,19,6],"5":[22,1]},"_coverageSchema":"1a1c01bbd47fc00a2c39e90264f33305004495a9","hash":"c612863b5718d9e7fef3f41955a072d6c9dec5c9"}
,"C:\\Users\\sarke\\Downloads\\COMP-4350-Group-8\\front-end\\src\\Dashboard.tsx": {"path":"C:\\Users\\sarke\\Downloads\\COMP-4350-Group-8\\front-end\\src\\Dashboard.tsx","statementMap":{"0":{"start":{"line":13,"column":28},"end":{"line":129,"column":1}},"1":{"start":{"line":14,"column":19},"end":{"line":14,"column":32}},"2":{"start":{"line":17,"column":30},"end":{"line":21,"column":4}},"3":{"start":{"line":24,"column":2},"end":{"line":44,"column":9}},"4":{"start":{"line":25,"column":24},"end":{"line":41,"column":5}},"5":{"start":{"line":26,"column":6},"end":{"line":40,"column":7}},"6":{"start":{"line":27,"column":25},"end":{"line":32,"column":10}},"7":{"start":{"line":34,"column":8},"end":{"line":34,"column":68}},"8":{"start":{"line":34,"column":26},"end":{"line":34,"column":68}},"9":{"start":{"line":35,"column":21},"end":{"line":35,"column":42}},"10":{"start":{"line":37,"column":8},"end":{"line":37,"column":24}},"11":{"start":{"line":39,"column":8},"end":{"line":39,"column":55}},"12":{"start":{"line":43,"column":4},"end":{"line":43,"column":18}},"13":{"start":{"line":46,"column":23},"end":{"line":78,"column":3}},"14":{"start":{"line":47,"column":4},"end":{"line":47,"column":23}},"15":{"start":{"line":49,"column":4},"end":{"line":77,"column":5}},"16":{"start":{"line":50,"column":23},"end":{"line":55,"column":8}},"17":{"start":{"line":57,"column":6},"end":{"line":61,"column":7}},"18":{"start":{"line":58,"column":20},"end":{"line":58,"column":41}},"19":{"start":{"line":59,"column":8},"end":{"line":59,"column":40}},"20":{"start":{"line":60,"column":8},"end":{"line":60,"column":15}},"21":{"start":{"line":63,"column":6},"end":{"line":69,"column":7}},"22":{"start":{"line":64,"column":8},"end":{"line":68,"column":9}},"23":{"start":{"line":65,"column":23},"end":{"line":65,"column":44}},"24":{"start":{"line":67,"column":10},"end":{"line":67,"column":58}},"25":{"start":{"line":71,"column":6},"end":{"line":71,"column":20}},"26":{"start":{"line":75,"column":6},"end":{"line":75,"column":45}},"27":{"start":{"line":76,"column":6},"end":{"line":76,"column":60}},"28":{"start":{"line":80,"column":23},"end":{"line":97,"column":3}},"29":{"start":{"line":81,"column":4},"end":{"line":96,"column":5}},"30":{"start":{"line":94,"column":6},"end":{"line":94,"column":51}},"31":{"start":{"line":95,"column":6},"end":{"line":95,"column":60}},"32":{"start":{"line":99,"column":2},"end":{"line":128,"column":4}},"33":{"start":{"line":113,"column":10},"end":{"line":124,"column":16}},"34":{"start":{"line":118,"column":29},"end":{"line":118,"column":51}}},"fnMap":{"0":{"name":"(anonymous_0)","decl":{"start":{"line":13,"column":28},"end":{"line":13,"column":29}},"loc":{"start":{"line":13,"column":34},"end":{"line":129,"column":1}},"line":13},"1":{"name":"(anonymous_1)","decl":{"start":{"line":24,"column":12},"end":{"line":24,"column":13}},"loc":{"start":{"line":24,"column":18},"end":{"line":44,"column":3}},"line":24},"2":{"name":"(anonymous_2)","decl":{"start":{"line":25,"column":24},"end":{"line":25,"column":25}},"loc":{"start":{"line":25,"column":36},"end":{"line":41,"column":5}},"line":25},"3":{"name":"(anonymous_3)","decl":{"start":{"line":46,"column":23},"end":{"line":46,"column":24}},"loc":{"start":{"line":46,"column":53},"end":{"line":78,"column":3}},"line":46},"4":{"name":"(anonymous_4)","decl":{"start":{"line":80,"column":23},"end":{"line":80,"column":24}},"loc":{"start":{"line":80,"column":50},"end":{"line":97,"column":3}},"line":80},"5":{"name":"(anonymous_5)","decl":{"start":{"line":112,"column":20},"end":{"line":112,"column":21}},"loc":{"start":{"line":113,"column":10},"end":{"line":124,"column":16}},"line":113},"6":{"name":"(anonymous_6)","decl":{"start":{"line":118,"column":23},"end":{"line":118,"column":24}},"loc":{"start":{"line":118,"column":29},"end":{"line":118,"column":51}},"line":118}},"branchMap":{"0":{"loc":{"start":{"line":34,"column":8},"end":{"line":34,"column":68}},"type":"if","locations":[{"start":{"line":34,"column":8},"end":{"line":34,"column":68}},{"start":{},"end":{}}],"line":34},"1":{"loc":{"start":{"line":57,"column":6},"end":{"line":61,"column":7}},"type":"if","locations":[{"start":{"line":57,"column":6},"end":{"line":61,"column":7}},{"start":{},"end":{}}],"line":57},"2":{"loc":{"start":{"line":63,"column":6},"end":{"line":69,"column":7}},"type":"if","locations":[{"start":{"line":63,"column":6},"end":{"line":69,"column":7}},{"start":{},"end":{}}],"line":63}},"s":{"0":1,"1":0,"2":0,"3":0,"4":0,"5":0,"6":0,"7":0,"8":0,"9":0,"10":0,"11":0,"12":0,"13":0,"14":0,"15":0,"16":0,"17":0,"18":0,"19":0,"20":0,"21":0,"22":0,"23":0,"24":0,"25":0,"26":0,"27":0,"28":0,"29":0,"30":0,"31":0,"32":0,"33":0,"34":0},"f":{"0":0,"1":0,"2":0,"3":0,"4":0,"5":0,"6":0},"b":{"0":[0,0],"1":[0,0],"2":[0,0]},"_coverageSchema":"1a1c01bbd47fc00a2c39e90264f33305004495a9","hash":"d16c117b5e1bf89ad8969c30c03f753d72201936"}
,"C:\\Users\\sarke\\Downloads\\COMP-4350-Group-8\\front-end\\src\\Homepage-Organizer.tsx": {"path":"C:\\Users\\sarke\\Downloads\\COMP-4350-Group-8\\front-end\\src\\Homepage-Organizer.tsx","statementMap":{"0":{"start":{"line":18,"column":36},"end":{"line":346,"column":1}},"1":{"start":{"line":21,"column":30},"end":{"line":21,"column":55}},"2":{"start":{"line":22,"column":40},"end":{"line":22,"column":55}},"3":{"start":{"line":23,"column":38},"end":{"line":23,"column":53}},"4":{"start":{"line":26,"column":32},"end":{"line":26,"column":44}},"5":{"start":{"line":27,"column":44},"end":{"line":27,"column":56}},"6":{"start":{"line":28,"column":34},"end":{"line":28,"column":46}},"7":{"start":{"line":29,"column":40},"end":{"line":29,"column":52}},"8":{"start":{"line":31,"column":26},"end":{"line":31,"column":65}},"9":{"start":{"line":34,"column":2},"end":{"line":38,"column":9}},"10":{"start":{"line":35,"column":16},"end":{"line":35,"column":44}},"11":{"start":{"line":36,"column":4},"end":{"line":37,"column":45}},"12":{"start":{"line":37,"column":6},"end":{"line":37,"column":45}},"13":{"start":{"line":40,"column":2},"end":{"line":41,"column":31}},"14":{"start":{"line":41,"column":4},"end":{"line":41,"column":31}},"15":{"start":{"line":44,"column":23},"end":{"line":66,"column":3}},"16":{"start":{"line":45,"column":4},"end":{"line":45,"column":23}},"17":{"start":{"line":46,"column":4},"end":{"line":46,"column":62}},"18":{"start":{"line":46,"column":25},"end":{"line":46,"column":62}},"19":{"start":{"line":47,"column":4},"end":{"line":47,"column":83}},"20":{"start":{"line":47,"column":31},"end":{"line":47,"column":83}},"21":{"start":{"line":48,"column":4},"end":{"line":48,"column":63}},"22":{"start":{"line":48,"column":26},"end":{"line":48,"column":63}},"23":{"start":{"line":49,"column":4},"end":{"line":49,"column":69}},"24":{"start":{"line":49,"column":29},"end":{"line":49,"column":69}},"25":{"start":{"line":51,"column":31},"end":{"line":58,"column":5}},"26":{"start":{"line":59,"column":4},"end":{"line":59,"column":44}},"27":{"start":{"line":59,"column":24},"end":{"line":59,"column":42}},"28":{"start":{"line":60,"column":4},"end":{"line":60,"column":25}},"29":{"start":{"line":62,"column":4},"end":{"line":62,"column":19}},"30":{"start":{"line":63,"column":4},"end":{"line":63,"column":25}},"31":{"start":{"line":64,"column":4},"end":{"line":64,"column":20}},"32":{"start":{"line":65,"column":4},"end":{"line":65,"column":23}},"33":{"start":{"line":68,"column":2},"end":{"line":345,"column":4}},"34":{"start":{"line":103,"column":29},"end":{"line":103,"column":48}},"35":{"start":{"line":110,"column":29},"end":{"line":110,"column":54}},"36":{"start":{"line":110,"column":51},"end":{"line":110,"column":53}},"37":{"start":{"line":154,"column":18},"end":{"line":185,"column":28}},"38":{"start":{"line":229,"column":18},"end":{"line":229,"column":37}},"39":{"start":{"line":230,"column":18},"end":{"line":230,"column":65}},"40":{"start":{"line":263,"column":25},"end":{"line":263,"column":45}},"41":{"start":{"line":275,"column":28},"end":{"line":275,"column":47}},"42":{"start":{"line":305,"column":33},"end":{"line":305,"column":59}},"43":{"start":{"line":312,"column":33},"end":{"line":312,"column":65}},"44":{"start":{"line":319,"column":33},"end":{"line":319,"column":60}},"45":{"start":{"line":325,"column":33},"end":{"line":325,"column":63}},"46":{"start":{"line":332,"column":33},"end":{"line":332,"column":53}}},"fnMap":{"0":{"name":"(anonymous_0)","decl":{"start":{"line":18,"column":36},"end":{"line":18,"column":37}},"loc":{"start":{"line":19,"column":0},"end":{"line":346,"column":1}},"line":19},"1":{"name":"(anonymous_1)","decl":{"start":{"line":34,"column":18},"end":{"line":34,"column":19}},"loc":{"start":{"line":34,"column":24},"end":{"line":38,"column":3}},"line":34},"2":{"name":"(anonymous_2)","decl":{"start":{"line":44,"column":23},"end":{"line":44,"column":24}},"loc":{"start":{"line":44,"column":47},"end":{"line":66,"column":3}},"line":44},"3":{"name":"(anonymous_3)","decl":{"start":{"line":59,"column":14},"end":{"line":59,"column":15}},"loc":{"start":{"line":59,"column":24},"end":{"line":59,"column":42}},"line":59},"4":{"name":"(anonymous_4)","decl":{"start":{"line":103,"column":23},"end":{"line":103,"column":24}},"loc":{"start":{"line":103,"column":29},"end":{"line":103,"column":48}},"line":103},"5":{"name":"(anonymous_5)","decl":{"start":{"line":110,"column":23},"end":{"line":110,"column":24}},"loc":{"start":{"line":110,"column":29},"end":{"line":110,"column":54}},"line":110},"6":{"name":"(anonymous_6)","decl":{"start":{"line":110,"column":44},"end":{"line":110,"column":45}},"loc":{"start":{"line":110,"column":51},"end":{"line":110,"column":53}},"line":110},"7":{"name":"(anonymous_7)","decl":{"start":{"line":153,"column":28},"end":{"line":153,"column":29}},"loc":{"start":{"line":154,"column":18},"end":{"line":185,"column":28}},"line":154},"8":{"name":"(anonymous_8)","decl":{"start":{"line":228,"column":26},"end":{"line":228,"column":27}},"loc":{"start":{"line":228,"column":33},"end":{"line":231,"column":17}},"line":228},"9":{"name":"(anonymous_9)","decl":{"start":{"line":263,"column":19},"end":{"line":263,"column":20}},"loc":{"start":{"line":263,"column":25},"end":{"line":263,"column":45}},"line":263},"10":{"name":"(anonymous_10)","decl":{"start":{"line":275,"column":21},"end":{"line":275,"column":22}},"loc":{"start":{"line":275,"column":28},"end":{"line":275,"column":47}},"line":275},"11":{"name":"(anonymous_11)","decl":{"start":{"line":305,"column":26},"end":{"line":305,"column":27}},"loc":{"start":{"line":305,"column":33},"end":{"line":305,"column":59}},"line":305},"12":{"name":"(anonymous_12)","decl":{"start":{"line":312,"column":26},"end":{"line":312,"column":27}},"loc":{"start":{"line":312,"column":33},"end":{"line":312,"column":65}},"line":312},"13":{"name":"(anonymous_13)","decl":{"start":{"line":319,"column":26},"end":{"line":319,"column":27}},"loc":{"start":{"line":319,"column":33},"end":{"line":319,"column":60}},"line":319},"14":{"name":"(anonymous_14)","decl":{"start":{"line":325,"column":26},"end":{"line":325,"column":27}},"loc":{"start":{"line":325,"column":33},"end":{"line":325,"column":63}},"line":325},"15":{"name":"(anonymous_15)","decl":{"start":{"line":332,"column":27},"end":{"line":332,"column":28}},"loc":{"start":{"line":332,"column":33},"end":{"line":332,"column":53}},"line":332}},"branchMap":{"0":{"loc":{"start":{"line":36,"column":4},"end":{"line":37,"column":45}},"type":"if","locations":[{"start":{"line":36,"column":4},"end":{"line":37,"column":45}},{"start":{},"end":{}}],"line":36},"1":{"loc":{"start":{"line":40,"column":2},"end":{"line":41,"column":31}},"type":"if","locations":[{"start":{"line":40,"column":2},"end":{"line":41,"column":31}},{"start":{},"end":{}}],"line":40},"2":{"loc":{"start":{"line":46,"column":4},"end":{"line":46,"column":62}},"type":"if","locations":[{"start":{"line":46,"column":4},"end":{"line":46,"column":62}},{"start":{},"end":{}}],"line":46},"3":{"loc":{"start":{"line":47,"column":4},"end":{"line":47,"column":83}},"type":"if","locations":[{"start":{"line":47,"column":4},"end":{"line":47,"column":83}},{"start":{},"end":{}}],"line":47},"4":{"loc":{"start":{"line":48,"column":4},"end":{"line":48,"column":63}},"type":"if","locations":[{"start":{"line":48,"column":4},"end":{"line":48,"column":63}},{"start":{},"end":{}}],"line":48},"5":{"loc":{"start":{"line":49,"column":4},"end":{"line":49,"column":69}},"type":"if","locations":[{"start":{"line":49,"column":4},"end":{"line":49,"column":69}},{"start":{},"end":{}}],"line":49},"6":{"loc":{"start":{"line":122,"column":33},"end":{"line":122,"column":66}},"type":"cond-expr","locations":[{"start":{"line":122,"column":47},"end":{"line":122,"column":58}},{"start":{"line":122,"column":61},"end":{"line":122,"column":66}}],"line":122},"7":{"loc":{"start":{"line":139,"column":13},"end":{"line":188,"column":13}},"type":"cond-expr","locations":[{"start":{"line":140,"column":14},"end":{"line":150,"column":20}},{"start":{"line":152,"column":14},"end":{"line":187,"column":20}}],"line":139},"8":{"loc":{"start":{"line":192,"column":11},"end":{"line":254,"column":11}},"type":"binary-expr","locations":[{"start":{"line":192,"column":11},"end":{"line":192,"column":22}},{"start":{"line":193,"column":12},"end":{"line":253,"column":20}}],"line":192},"9":{"loc":{"start":{"line":259,"column":7},"end":{"line":343,"column":7}},"type":"binary-expr","locations":[{"start":{"line":259,"column":7},"end":{"line":259,"column":17}},{"start":{"line":260,"column":8},"end":{"line":342,"column":14}}],"line":259}},"s":{"0":1,"1":0,"2":0,"3":0,"4":0,"5":0,"6":0,"7":0,"8":0,"9":0,"10":0,"11":0,"12":0,"13":0,"14":0,"15":0,"16":0,"17":0,"18":0,"19":0,"20":0,"21":0,"22":0,"23":0,"24":0,"25":0,"26":0,"27":0,"28":0,"29":0,"30":0,"31":0,"32":0,"33":0,"34":0,"35":0,"36":0,"37":0,"38":0,"39":0,"40":0,"41":0,"42":0,"43":0,"44":0,"45":0,"46":0},"f":{"0":0,"1":0,"2":0,"3":0,"4":0,"5":0,"6":0,"7":0,"8":0,"9":0,"10":0,"11":0,"12":0,"13":0,"14":0,"15":0},"b":{"0":[0,0],"1":[0,0],"2":[0,0],"3":[0,0],"4":[0,0],"5":[0,0],"6":[0,0],"7":[0,0],"8":[0,0],"9":[0,0]},"_coverageSchema":"1a1c01bbd47fc00a2c39e90264f33305004495a9","hash":"686e20189e96cb7c31f9d169041cf3f25d1bd9c0"}
,"C:\\Users\\sarke\\Downloads\\COMP-4350-Group-8\\front-end\\src\\LoginUser.tsx": {"path":"C:\\Users\\sarke\\Downloads\\COMP-4350-Group-8\\front-end\\src\\LoginUser.tsx","statementMap":{"0":{"start":{"line":6,"column":28},"end":{"line":171,"column":1}},"1":{"start":{"line":7,"column":28},"end":{"line":7,"column":40}},"2":{"start":{"line":8,"column":34},"end":{"line":8,"column":46}},"3":{"start":{"line":9,"column":34},"end":{"line":9,"column":46}},"4":{"start":{"line":15,"column":21},"end":{"line":15,"column":34}},"5":{"start":{"line":16,"column":22},"end":{"line":16,"column":49}},"6":{"start":{"line":17,"column":15},"end":{"line":17,"column":38}},"7":{"start":{"line":18,"column":19},"end":{"line":18,"column":32}},"8":{"start":{"line":20,"column":17},"end":{"line":20,"column":19}},"9":{"start":{"line":21,"column":2},"end":{"line":25,"column":3}},"10":{"start":{"line":22,"column":4},"end":{"line":22,"column":51}},"11":{"start":{"line":23,"column":9},"end":{"line":25,"column":3}},"12":{"start":{"line":24,"column":4},"end":{"line":24,"column":47}},"13":{"start":{"line":27,"column":23},"end":{"line":98,"column":3}},"14":{"start":{"line":28,"column":4},"end":{"line":28,"column":23}},"15":{"start":{"line":29,"column":4},"end":{"line":29,"column":20}},"16":{"start":{"line":30,"column":4},"end":{"line":30,"column":58}},"17":{"start":{"line":30,"column":23},"end":{"line":30,"column":58}},"18":{"start":{"line":31,"column":4},"end":{"line":31,"column":64}},"19":{"start":{"line":31,"column":26},"end":{"line":31,"column":64}},"20":{"start":{"line":53,"column":4},"end":{"line":97,"column":5}},"21":{"start":{"line":54,"column":23},"end":{"line":64,"column":8}},"22":{"start":{"line":67,"column":6},"end":{"line":73,"column":7}},"23":{"start":{"line":68,"column":20},"end":{"line":68,"column":41}},"24":{"start":{"line":69,"column":18},"end":{"line":69,"column":45}},"25":{"start":{"line":70,"column":8},"end":{"line":70,"column":38}},"26":{"start":{"line":71,"column":8},"end":{"line":71,"column":25}},"27":{"start":{"line":72,"column":8},"end":{"line":72,"column":15}},"28":{"start":{"line":75,"column":19},"end":{"line":75,"column":40}},"29":{"start":{"line":81,"column":6},"end":{"line":81,"column":62}},"30":{"start":{"line":85,"column":6},"end":{"line":85,"column":24}},"31":{"start":{"line":86,"column":6},"end":{"line":90,"column":31}},"32":{"start":{"line":87,"column":8},"end":{"line":87,"column":40}},"33":{"start":{"line":90,"column":8},"end":{"line":90,"column":31}},"34":{"start":{"line":95,"column":6},"end":{"line":95,"column":43}},"35":{"start":{"line":96,"column":6},"end":{"line":96,"column":60}},"36":{"start":{"line":100,"column":2},"end":{"line":170,"column":4}},"37":{"start":{"line":116,"column":29},"end":{"line":116,"column":53}},"38":{"start":{"line":124,"column":29},"end":{"line":124,"column":56}}},"fnMap":{"0":{"name":"(anonymous_0)","decl":{"start":{"line":6,"column":28},"end":{"line":6,"column":29}},"loc":{"start":{"line":6,"column":34},"end":{"line":171,"column":1}},"line":6},"1":{"name":"(anonymous_1)","decl":{"start":{"line":27,"column":23},"end":{"line":27,"column":24}},"loc":{"start":{"line":27,"column":53},"end":{"line":98,"column":3}},"line":27},"2":{"name":"(anonymous_2)","decl":{"start":{"line":116,"column":22},"end":{"line":116,"column":23}},"loc":{"start":{"line":116,"column":29},"end":{"line":116,"column":53}},"line":116},"3":{"name":"(anonymous_3)","decl":{"start":{"line":124,"column":22},"end":{"line":124,"column":23}},"loc":{"start":{"line":124,"column":29},"end":{"line":124,"column":56}},"line":124}},"branchMap":{"0":{"loc":{"start":{"line":21,"column":2},"end":{"line":25,"column":3}},"type":"if","locations":[{"start":{"line":21,"column":2},"end":{"line":25,"column":3}},{"start":{"line":23,"column":9},"end":{"line":25,"column":3}}],"line":21},"1":{"loc":{"start":{"line":23,"column":9},"end":{"line":25,"column":3}},"type":"if","locations":[{"start":{"line":23,"column":9},"end":{"line":25,"column":3}},{"start":{},"end":{}}],"line":23},"2":{"loc":{"start":{"line":30,"column":4},"end":{"line":30,"column":58}},"type":"if","locations":[{"start":{"line":30,"column":4},"end":{"line":30,"column":58}},{"start":{},"end":{}}],"line":30},"3":{"loc":{"start":{"line":31,"column":4},"end":{"line":31,"column":64}},"type":"if","locations":[{"start":{"line":31,"column":4},"end":{"line":31,"column":64}},{"start":{},"end":{}}],"line":31},"4":{"loc":{"start":{"line":67,"column":6},"end":{"line":73,"column":7}},"type":"if","locations":[{"start":{"line":67,"column":6},"end":{"line":73,"column":7}},{"start":{},"end":{}}],"line":67},"5":{"loc":{"start":{"line":86,"column":6},"end":{"line":90,"column":31}},"type":"if","locations":[{"start":{"line":86,"column":6},"end":{"line":90,"column":31}},{"start":{"line":90,"column":8},"end":{"line":90,"column":31}}],"line":86},"6":{"loc":{"start":{"line":107,"column":9},"end":{"line":107,"column":59}},"type":"binary-expr","locations":[{"start":{"line":107,"column":9},"end":{"line":107,"column":17}},{"start":{"line":107,"column":21},"end":{"line":107,"column":59}}],"line":107}},"s":{"0":2,"1":72,"2":72,"3":72,"4":72,"5":72,"6":72,"7":72,"8":72,"9":72,"10":36,"11":36,"12":36,"13":72,"14":0,"15":0,"16":0,"17":0,"18":0,"19":0,"20":0,"21":0,"22":0,"23":0,"24":0,"25":0,"26":0,"27":0,"28":0,"29":0,"30":0,"31":0,"32":0,"33":0,"34":0,"35":0,"36":72,"37":42,"38":28},"f":{"0":72,"1":0,"2":42,"3":28},"b":{"0":[36,36],"1":[36,0],"2":[0,0],"3":[0,0],"4":[0,0],"5":[0,0],"6":[72,0]},"_coverageSchema":"1a1c01bbd47fc00a2c39e90264f33305004495a9","hash":"f1eb52103c256506332456fcafbe27f972a628ce"}
,"C:\\Users\\sarke\\Downloads\\COMP-4350-Group-8\\front-end\\src\\SignupUser.tsx": {"path":"C:\\Users\\sarke\\Downloads\\COMP-4350-Group-8\\front-end\\src\\SignupUser.tsx","statementMap":{"0":{"start":{"line":6,"column":29},"end":{"line":182,"column":1}},"1":{"start":{"line":7,"column":34},"end":{"line":7,"column":46}},"2":{"start":{"line":8,"column":28},"end":{"line":8,"column":40}},"3":{"start":{"line":9,"column":34},"end":{"line":9,"column":46}},"4":{"start":{"line":10,"column":48},"end":{"line":10,"column":60}},"5":{"start":{"line":16,"column":21},"end":{"line":16,"column":34}},"6":{"start":{"line":17,"column":22},"end":{"line":17,"column":49}},"7":{"start":{"line":18,"column":15},"end":{"line":18,"column":38}},"8":{"start":{"line":19,"column":19},"end":{"line":19,"column":32}},"9":{"start":{"line":21,"column":22},"end":{"line":21,"column":24}},"10":{"start":{"line":22,"column":17},"end":{"line":22,"column":19}},"11":{"start":{"line":23,"column":2},"end":{"line":32,"column":3}},"12":{"start":{"line":24,"column":4},"end":{"line":24,"column":42}},"13":{"start":{"line":25,"column":4},"end":{"line":25,"column":51}},"14":{"start":{"line":26,"column":9},"end":{"line":32,"column":3}},"15":{"start":{"line":27,"column":4},"end":{"line":27,"column":38}},"16":{"start":{"line":28,"column":4},"end":{"line":28,"column":47}},"17":{"start":{"line":30,"column":4},"end":{"line":30,"column":49}},"18":{"start":{"line":31,"column":4},"end":{"line":31,"column":45}},"19":{"start":{"line":36,"column":23},"end":{"line":97,"column":3}},"20":{"start":{"line":37,"column":4},"end":{"line":37,"column":23}},"21":{"start":{"line":39,"column":4},"end":{"line":39,"column":60}},"22":{"start":{"line":39,"column":26},"end":{"line":39,"column":60}},"23":{"start":{"line":40,"column":4},"end":{"line":40,"column":58}},"24":{"start":{"line":40,"column":23},"end":{"line":40,"column":58}},"25":{"start":{"line":41,"column":4},"end":{"line":41,"column":64}},"26":{"start":{"line":41,"column":26},"end":{"line":41,"column":64}},"27":{"start":{"line":42,"column":4},"end":{"line":42,"column":78}},"28":{"start":{"line":42,"column":38},"end":{"line":42,"column":78}},"29":{"start":{"line":65,"column":4},"end":{"line":96,"column":5}},"30":{"start":{"line":66,"column":23},"end":{"line":77,"column":8}},"31":{"start":{"line":79,"column":6},"end":{"line":83,"column":7}},"32":{"start":{"line":80,"column":20},"end":{"line":80,"column":41}},"33":{"start":{"line":81,"column":8},"end":{"line":81,"column":40}},"34":{"start":{"line":82,"column":8},"end":{"line":82,"column":15}},"35":{"start":{"line":85,"column":19},"end":{"line":85,"column":40}},"36":{"start":{"line":89,"column":6},"end":{"line":89,"column":30}},"37":{"start":{"line":94,"column":6},"end":{"line":94,"column":45}},"38":{"start":{"line":95,"column":6},"end":{"line":95,"column":68}},"39":{"start":{"line":99,"column":2},"end":{"line":181,"column":4}},"40":{"start":{"line":111,"column":29},"end":{"line":111,"column":56}},"41":{"start":{"line":119,"column":29},"end":{"line":119,"column":53}},"42":{"start":{"line":127,"column":29},"end":{"line":127,"column":56}},"43":{"start":{"line":135,"column":29},"end":{"line":135,"column":63}}},"fnMap":{"0":{"name":"(anonymous_0)","decl":{"start":{"line":6,"column":29},"end":{"line":6,"column":30}},"loc":{"start":{"line":6,"column":35},"end":{"line":182,"column":1}},"line":6},"1":{"name":"(anonymous_1)","decl":{"start":{"line":36,"column":23},"end":{"line":36,"column":24}},"loc":{"start":{"line":36,"column":53},"end":{"line":97,"column":3}},"line":36},"2":{"name":"(anonymous_2)","decl":{"start":{"line":111,"column":22},"end":{"line":111,"column":23}},"loc":{"start":{"line":111,"column":29},"end":{"line":111,"column":56}},"line":111},"3":{"name":"(anonymous_3)","decl":{"start":{"line":119,"column":22},"end":{"line":119,"column":23}},"loc":{"start":{"line":119,"column":29},"end":{"line":119,"column":53}},"line":119},"4":{"name":"(anonymous_4)","decl":{"start":{"line":127,"column":22},"end":{"line":127,"column":23}},"loc":{"start":{"line":127,"column":29},"end":{"line":127,"column":56}},"line":127},"5":{"name":"(anonymous_5)","decl":{"start":{"line":135,"column":22},"end":{"line":135,"column":23}},"loc":{"start":{"line":135,"column":29},"end":{"line":135,"column":63}},"line":135}},"branchMap":{"0":{"loc":{"start":{"line":23,"column":2},"end":{"line":32,"column":3}},"type":"if","locations":[{"start":{"line":23,"column":2},"end":{"line":32,"column":3}},{"start":{"line":26,"column":9},"end":{"line":32,"column":3}}],"line":23},"1":{"loc":{"start":{"line":26,"column":9},"end":{"line":32,"column":3}},"type":"if","locations":[{"start":{"line":26,"column":9},"end":{"line":32,"column":3}},{"start":{"line":29,"column":9},"end":{"line":32,"column":3}}],"line":26},"2":{"loc":{"start":{"line":39,"column":4},"end":{"line":39,"column":60}},"type":"if","locations":[{"start":{"line":39,"column":4},"end":{"line":39,"column":60}},{"start":{},"end":{}}],"line":39},"3":{"loc":{"start":{"line":40,"column":4},"end":{"line":40,"column":58}},"type":"if","locations":[{"start":{"line":40,"column":4},"end":{"line":40,"column":58}},{"start":{},"end":{}}],"line":40},"4":{"loc":{"start":{"line":41,"column":4},"end":{"line":41,"column":64}},"type":"if","locations":[{"start":{"line":41,"column":4},"end":{"line":41,"column":64}},{"start":{},"end":{}}],"line":41},"5":{"loc":{"start":{"line":42,"column":4},"end":{"line":42,"column":78}},"type":"if","locations":[{"start":{"line":42,"column":4},"end":{"line":42,"column":78}},{"start":{},"end":{}}],"line":42},"6":{"loc":{"start":{"line":79,"column":6},"end":{"line":83,"column":7}},"type":"if","locations":[{"start":{"line":79,"column":6},"end":{"line":83,"column":7}},{"start":{},"end":{}}],"line":79}},"s":{"0":2,"1":127,"2":127,"3":127,"4":127,"5":127,"6":127,"7":127,"8":127,"9":127,"10":127,"11":127,"12":64,"13":64,"14":63,"15":63,"16":63,"17":0,"18":0,"19":127,"20":0,"21":0,"22":0,"23":0,"24":0,"25":0,"26":0,"27":0,"28":0,"29":0,"30":0,"31":0,"32":0,"33":0,"34":0,"35":0,"36":0,"37":0,"38":0,"39":127,"40":27,"41":42,"42":28,"43":28},"f":{"0":127,"1":0,"2":27,"3":42,"4":28,"5":28},"b":{"0":[64,63],"1":[63,0],"2":[0,0],"3":[0,0],"4":[0,0],"5":[0,0],"6":[0,0]},"_coverageSchema":"1a1c01bbd47fc00a2c39e90264f33305004495a9","hash":"f1040f429ca12b3c8852fe1c94016562cbd75a78"}
}
