TN:
SF:styleMock.js
FNF:0
FNH:0
DA:1,4
LF:1
LH:1
BRF:0
BRH:0
end_of_record
TN:
SF:src\App.tsx
FN:9,App
FNF:1
FNH:1
FNDA:4,App
DA:11,4
LF:1
LH:1
BRF:0
BRH:0
end_of_record
TN:
SF:src\AuthChoice.tsx
FN:7,(anonymous_0)
FN:10,(anonymous_1)
FN:36,(anonymous_2)
FN:43,(anonymous_3)
FN:50,(anonymous_4)
FN:73,(anonymous_5)
FN:91,(anonymous_6)
FNF:7
FNH:7
FNDA:22,(anonymous_0)
FNDA:7,(anonymous_1)
FNDA:3,(anonymous_2)
FNDA:3,(anonymous_3)
FNDA:1,(anonymous_4)
FNDA:6,(anonymous_5)
FNDA:1,(anonymous_6)
DA:7,2
DA:8,22
DA:10,22
DA:11,7
DA:15,22
DA:16,22
DA:17,3
DA:18,19
DA:19,3
DA:20,16
DA:21,1
DA:24,22
DA:36,3
DA:43,3
DA:50,1
DA:73,6
DA:91,1
LF:17
LH:17
BRDA:16,0,0,3
BRDA:16,0,1,19
BRDA:18,1,0,3
BRDA:18,1,1,16
BRDA:20,2,0,1
BRDA:20,2,1,15
BRDA:28,3,0,22
BRDA:28,3,1,15
BRDA:58,4,0,22
BRDA:58,4,1,19
BRDA:58,4,2,6
BRDA:80,5,0,22
BRDA:80,5,1,1
BRF:13
BRH:13
end_of_record
TN:
SF:src\Dashboard.tsx
FN:13,(anonymous_0)
FN:24,(anonymous_1)
FN:25,(anonymous_2)
FN:46,(anonymous_3)
FN:80,(anonymous_4)
FN:112,(anonymous_5)
FN:118,(anonymous_6)
FNF:7
FNH:0
FNDA:0,(anonymous_0)
FNDA:0,(anonymous_1)
FNDA:0,(anonymous_2)
FNDA:0,(anonymous_3)
FNDA:0,(anonymous_4)
FNDA:0,(anonymous_5)
FNDA:0,(anonymous_6)
DA:13,1
DA:14,0
DA:17,0
DA:24,0
DA:25,0
DA:26,0
DA:27,0
DA:34,0
DA:35,0
DA:37,0
DA:39,0
DA:43,0
DA:46,0
DA:47,0
DA:49,0
DA:50,0
DA:57,0
DA:58,0
DA:59,0
DA:60,0
DA:63,0
DA:64,0
DA:65,0
DA:67,0
DA:71,0
DA:75,0
DA:76,0
DA:80,0
DA:81,0
DA:94,0
DA:95,0
DA:99,0
DA:113,0
DA:118,0
LF:34
LH:1
BRDA:34,0,0,0
BRDA:34,0,1,0
BRDA:57,1,0,0
BRDA:57,1,1,0
BRDA:63,2,0,0
BRDA:63,2,1,0
BRF:6
BRH:0
end_of_record
TN:
SF:src\Homepage-Organizer.tsx
FN:18,(anonymous_0)
FN:34,(anonymous_1)
FN:44,(anonymous_2)
FN:59,(anonymous_3)
FN:103,(anonymous_4)
FN:110,(anonymous_5)
FN:110,(anonymous_6)
FN:153,(anonymous_7)
FN:228,(anonymous_8)
FN:263,(anonymous_9)
FN:275,(anonymous_10)
FN:305,(anonymous_11)
FN:312,(anonymous_12)
FN:319,(anonymous_13)
FN:325,(anonymous_14)
FN:332,(anonymous_15)
FNF:16
FNH:0
FNDA:0,(anonymous_0)
FNDA:0,(anonymous_1)
FNDA:0,(anonymous_2)
FNDA:0,(anonymous_3)
FNDA:0,(anonymous_4)
FNDA:0,(anonymous_5)
FNDA:0,(anonymous_6)
FNDA:0,(anonymous_7)
FNDA:0,(anonymous_8)
FNDA:0,(anonymous_9)
FNDA:0,(anonymous_10)
FNDA:0,(anonymous_11)
FNDA:0,(anonymous_12)
FNDA:0,(anonymous_13)
FNDA:0,(anonymous_14)
FNDA:0,(anonymous_15)
DA:18,1
DA:21,0
DA:22,0
DA:23,0
DA:26,0
DA:27,0
DA:28,0
DA:29,0
DA:31,0
DA:34,0
DA:35,0
DA:36,0
DA:37,0
DA:40,0
DA:41,0
DA:44,0
DA:45,0
DA:46,0
DA:47,0
DA:48,0
DA:49,0
DA:51,0
DA:59,0
DA:60,0
DA:62,0
DA:63,0
DA:64,0
DA:65,0
DA:68,0
DA:103,0
DA:110,0
DA:154,0
DA:229,0
DA:230,0
DA:263,0
DA:275,0
DA:305,0
DA:312,0
DA:319,0
DA:325,0
DA:332,0
LF:41
LH:1
BRDA:36,0,0,0
BRDA:36,0,1,0
BRDA:40,1,0,0
BRDA:40,1,1,0
BRDA:46,2,0,0
BRDA:46,2,1,0
BRDA:47,3,0,0
BRDA:47,3,1,0
BRDA:48,4,0,0
BRDA:48,4,1,0
BRDA:49,5,0,0
BRDA:49,5,1,0
BRDA:122,6,0,0
BRDA:122,6,1,0
BRDA:139,7,0,0
BRDA:139,7,1,0
BRDA:192,8,0,0
BRDA:192,8,1,0
BRDA:259,9,0,0
BRDA:259,9,1,0
BRF:20
BRH:0
end_of_record
TN:
SF:src\LoginUser.tsx
FN:6,(anonymous_0)
FN:27,(anonymous_1)
FN:116,(anonymous_2)
FN:124,(anonymous_3)
FNF:4
FNH:3
FNDA:72,(anonymous_0)
FNDA:0,(anonymous_1)
FNDA:42,(anonymous_2)
FNDA:28,(anonymous_3)
DA:6,2
DA:7,72
DA:8,72
DA:9,72
DA:15,72
DA:16,72
DA:17,72
DA:18,72
DA:20,72
DA:21,72
DA:22,36
DA:23,36
DA:24,36
DA:27,72
DA:28,0
DA:29,0
DA:30,0
DA:31,0
DA:53,0
DA:54,0
DA:67,0
DA:68,0
DA:69,0
DA:70,0
DA:71,0
DA:72,0
DA:75,0
DA:81,0
DA:85,0
DA:86,0
DA:87,0
DA:90,0
DA:95,0
DA:96,0
DA:100,72
DA:116,42
DA:124,28
LF:37
LH:17
BRDA:21,0,0,36
BRDA:21,0,1,36
BRDA:23,1,0,36
BRDA:23,1,1,0
BRDA:30,2,0,0
BRDA:30,2,1,0
BRDA:31,3,0,0
BRDA:31,3,1,0
BRDA:67,4,0,0
BRDA:67,4,1,0
BRDA:86,5,0,0
BRDA:86,5,1,0
BRDA:107,6,0,72
BRDA:107,6,1,0
BRF:14
BRH:4
end_of_record
TN:
SF:src\SignupUser.tsx
FN:6,(anonymous_0)
FN:36,(anonymous_1)
FN:111,(anonymous_2)
FN:119,(anonymous_3)
FN:127,(anonymous_4)
FN:135,(anonymous_5)
FNF:6
FNH:5
FNDA:127,(anonymous_0)
FNDA:0,(anonymous_1)
FNDA:27,(anonymous_2)
FNDA:42,(anonymous_3)
FNDA:28,(anonymous_4)
FNDA:28,(anonymous_5)
DA:6,2
DA:7,127
DA:8,127
DA:9,127
DA:10,127
DA:16,127
DA:17,127
DA:18,127
DA:19,127
DA:21,127
DA:22,127
DA:23,127
DA:24,64
DA:25,64
DA:26,63
DA:27,63
DA:28,63
DA:30,0
DA:31,0
DA:36,127
DA:37,0
DA:39,0
DA:40,0
DA:41,0
DA:42,0
DA:65,0
DA:66,0
DA:79,0
DA:80,0
DA:81,0
DA:82,0
DA:85,0
DA:89,0
DA:94,0
DA:95,0
DA:99,127
DA:111,27
DA:119,42
DA:127,28
DA:135,28
LF:40
LH:23
BRDA:23,0,0,64
BRDA:23,0,1,63
BRDA:26,1,0,63
BRDA:26,1,1,0
BRDA:39,2,0,0
BRDA:39,2,1,0
BRDA:40,3,0,0
BRDA:40,3,1,0
BRDA:41,4,0,0
BRDA:41,4,1,0
BRDA:42,5,0,0
BRDA:42,5,1,0
BRDA:79,6,0,0
BRDA:79,6,1,0
BRF:14
BRH:3
end_of_record
