{"/Users/noah/Desktop/4420-App/COMP-4350-Group-8/api/src/controllers/authController.ts": {"path":"/Users/noah/Desktop/4420-App/COMP-4350-Group-8/api/src/controllers/authController.ts","statementMap":{"0":{"start":{"line":43,"column":0},"end":{"line":43,"column":16}},"1":{"start":{"line":25,"column":29},"end":{"line":31,"column":2}},"2":{"start":{"line":35,"column":27},"end":{"line":38,"column":1}},"3":{"start":{"line":37,"column":2},"end":{"line":37,"column":62}},"4":{"start":{"line":48,"column":6},"end":{"line":63,"column":7}},"5":{"start":{"line":52,"column":53},"end":{"line":52,"column":99}},"6":{"start":{"line":54,"column":8},"end":{"line":54,"column":72}},"7":{"start":{"line":56,"column":8},"end":{"line":59,"column":11}},"8":{"start":{"line":62,"column":8},"end":{"line":62,"column":25}},"9":{"start":{"line":68,"column":6},"end":{"line":83,"column":7}},"10":{"start":{"line":71,"column":52},"end":{"line":71,"column":92}},"11":{"start":{"line":74,"column":8},"end":{"line":74,"column":72}},"12":{"start":{"line":77,"column":8},"end":{"line":80,"column":11}},"13":{"start":{"line":82,"column":8},"end":{"line":82,"column":25}},"14":{"start":{"line":90,"column":27},"end":{"line":90,"column":61}},"15":{"start":{"line":91,"column":25},"end":{"line":91,"column":56}},"16":{"start":{"line":92,"column":30},"end":{"line":92,"column":54}},"17":{"start":{"line":94,"column":6},"end":{"line":96,"column":7}},"18":{"start":{"line":95,"column":8},"end":{"line":95,"column":74}},"19":{"start":{"line":98,"column":6},"end":{"line":112,"column":7}},"20":{"start":{"line":100,"column":46},"end":{"line":100,"column":81}},"21":{"start":{"line":103,"column":8},"end":{"line":107,"column":9}},"22":{"start":{"line":104,"column":10},"end":{"line":104,"column":74}},"23":{"start":{"line":109,"column":8},"end":{"line":109,"column":67}},"24":{"start":{"line":111,"column":8},"end":{"line":111,"column":25}},"25":{"start":{"line":119,"column":8},"end":{"line":126,"column":7}},"26":{"start":{"line":120,"column":10},"end":{"line":123,"column":13}},"27":{"start":{"line":128,"column":6},"end":{"line":128,"column":36}},"28":{"start":{"line":131,"column":4},"end":{"line":137,"column":6}}},"fnMap":{"0":{"name":"(anonymous_0)","decl":{"start":{"line":35,"column":27},"end":{"line":35,"column":28}},"loc":{"start":{"line":35,"column":41},"end":{"line":38,"column":1}}},"1":{"name":"makeAuthController","decl":{"start":{"line":43,"column":16},"end":{"line":43,"column":34}},"loc":{"start":{"line":43,"column":52},"end":{"line":138,"column":1}}},"2":{"name":"registerUser","decl":{"start":{"line":47,"column":19},"end":{"line":47,"column":31}},"loc":{"start":{"line":47,"column":79},"end":{"line":64,"column":5}}},"3":{"name":"loginUser","decl":{"start":{"line":67,"column":19},"end":{"line":67,"column":28}},"loc":{"start":{"line":67,"column":76},"end":{"line":84,"column":5}}},"4":{"name":"refreshToken","decl":{"start":{"line":86,"column":19},"end":{"line":86,"column":31}},"loc":{"start":{"line":86,"column":79},"end":{"line":113,"column":5}}},"5":{"name":"logoutUser","decl":{"start":{"line":117,"column":19},"end":{"line":117,"column":29}},"loc":{"start":{"line":117,"column":57},"end":{"line":129,"column":5}}}},"branchMap":{"0":{"loc":{"start":{"line":92,"column":30},"end":{"line":92,"column":54}},"type":"binary-expr","locations":[{"start":{"line":92,"column":30},"end":{"line":92,"column":41}},{"start":{"line":92,"column":45},"end":{"line":92,"column":54}}]},"1":{"loc":{"start":{"line":94,"column":6},"end":{"line":96,"column":7}},"type":"if","locations":[{"start":{"line":94,"column":6},"end":{"line":96,"column":7}}]}},"s":{"0":1,"1":1,"2":1,"3":0,"4":1,"5":1,"6":1,"7":1,"8":0,"9":1,"10":1,"11":1,"12":1,"13":0,"14":1,"15":1,"16":1,"17":1,"18":0,"19":1,"20":1,"21":1,"22":1,"23":1,"24":0,"25":0,"26":0,"27":0,"28":3},"f":{"0":0,"1":3,"2":1,"3":1,"4":1,"5":0},"b":{"0":[1,0],"1":[0]}}
,"/Users/noah/Desktop/4420-App/COMP-4350-Group-8/api/src/db/Session.ts": {"path":"/Users/noah/Desktop/4420-App/COMP-4350-Group-8/api/src/db/Session.ts","statementMap":{"0":{"start":{"line":50,"column":0},"end":{"line":50,"column":7}},"1":{"start":{"line":1,"column":0},"end":{"line":1,"column":34}},"2":{"start":{"line":17,"column":2},"end":{"line":23,"column":4}},"3":{"start":{"line":27,"column":19},"end":{"line":29,"column":null}},"4":{"start":{"line":31,"column":2},"end":{"line":31,"column":25}},"5":{"start":{"line":35,"column":2},"end":{"line":35,"column":84}},"6":{"start":{"line":39,"column":2},"end":{"line":39,"column":114}},"7":{"start":{"line":42,"column":13},"end":{"line":47,"column":2}},"8":{"start":{"line":51,"column":2},"end":{"line":51,"column":113}}},"fnMap":{"0":{"name":"create","decl":{"start":{"line":12,"column":16},"end":{"line":12,"column":22}},"loc":{"start":{"line":16,"column":1},"end":{"line":24,"column":1}}},"1":{"name":"findByJti","decl":{"start":{"line":26,"column":15},"end":{"line":26,"column":24}},"loc":{"start":{"line":26,"column":36},"end":{"line":32,"column":1}}},"2":{"name":"revoke","decl":{"start":{"line":34,"column":16},"end":{"line":34,"column":22}},"loc":{"start":{"line":34,"column":34},"end":{"line":36,"column":1}}},"3":{"name":"revokeAllForUser","decl":{"start":{"line":38,"column":16},"end":{"line":38,"column":32}},"loc":{"start":{"line":38,"column":47},"end":{"line":40,"column":1}}},"4":{"name":"setReplacedBy","decl":{"start":{"line":50,"column":22},"end":{"line":50,"column":35}},"loc":{"start":{"line":50,"column":66},"end":{"line":52,"column":1}}}},"branchMap":{"0":{"loc":{"start":{"line":31,"column":9},"end":{"line":31,"column":24}},"type":"binary-expr","locations":[{"start":{"line":31,"column":9},"end":{"line":31,"column":16}},{"start":{"line":31,"column":20},"end":{"line":31,"column":24}}]}},"s":{"0":2,"1":2,"2":2,"3":2,"4":1,"5":1,"6":1,"7":2,"8":1},"f":{"0":2,"1":2,"2":1,"3":1,"4":1},"b":{"0":[1,0]}}
,"/Users/noah/Desktop/4420-App/COMP-4350-Group-8/api/src/db/connect.ts": {"path":"/Users/noah/Desktop/4420-App/COMP-4350-Group-8/api/src/db/connect.ts","statementMap":{"0":{"start":{"line":10,"column":0},"end":{"line":10,"column":16}},"1":{"start":{"line":1,"column":0},"end":{"line":1,"column":28}},"2":{"start":{"line":2,"column":0},"end":{"line":2,"column":80}},"3":{"start":{"line":4,"column":0},"end":{"line":4,"column":65}},"4":{"start":{"line":6,"column":25},"end":{"line":6,"column":50}},"5":{"start":{"line":7,"column":13},"end":{"line":7,"column":51}},"6":{"start":{"line":14,"column":2},"end":{"line":14,"column":37}}},"fnMap":{"0":{"name":"query","decl":{"start":{"line":10,"column":16},"end":{"line":10,"column":21}},"loc":{"start":{"line":12,"column":16},"end":{"line":15,"column":1}}}},"branchMap":{"0":{"loc":{"start":{"line":2,"column":22},"end":{"line":2,"column":76}},"type":"cond-expr","locations":[{"start":{"line":2,"column":56},"end":{"line":2,"column":67}},{"start":{"line":2,"column":70},"end":{"line":2,"column":76}}]}},"s":{"0":2,"1":2,"2":2,"3":2,"4":2,"5":2,"6":20},"f":{"0":20},"b":{"0":[2,0]}}
,"/Users/noah/Desktop/4420-App/COMP-4350-Group-8/api/src/db/user.ts": {"path":"/Users/noah/Desktop/4420-App/COMP-4350-Group-8/api/src/db/user.ts","statementMap":{"0":{"start":{"line":2,"column":0},"end":{"line":2,"column":34}},"1":{"start":{"line":7,"column":19},"end":{"line":9,"column":null}},"2":{"start":{"line":11,"column":2},"end":{"line":11,"column":25}},"3":{"start":{"line":16,"column":19},"end":{"line":18,"column":null}},"4":{"start":{"line":20,"column":2},"end":{"line":20,"column":25}},"5":{"start":{"line":24,"column":19},"end":{"line":26,"column":null}},"6":{"start":{"line":28,"column":2},"end":{"line":28,"column":25}},"7":{"start":{"line":37,"column":15},"end":{"line":37,"column":34}},"8":{"start":{"line":38,"column":19},"end":{"line":44,"column":null}},"9":{"start":{"line":46,"column":2},"end":{"line":46,"column":17}},"10":{"start":{"line":49,"column":13},"end":{"line":54,"column":2}}},"fnMap":{"0":{"name":"findByEmail","decl":{"start":{"line":6,"column":16},"end":{"line":6,"column":27}},"loc":{"start":{"line":6,"column":41},"end":{"line":12,"column":1}}},"1":{"name":"findByUsername","decl":{"start":{"line":15,"column":16},"end":{"line":15,"column":30}},"loc":{"start":{"line":15,"column":47},"end":{"line":21,"column":1}}},"2":{"name":"findById","decl":{"start":{"line":23,"column":16},"end":{"line":23,"column":24}},"loc":{"start":{"line":23,"column":35},"end":{"line":29,"column":1}}},"3":{"name":"create","decl":{"start":{"line":31,"column":16},"end":{"line":31,"column":22}},"loc":{"start":{"line":36,"column":1},"end":{"line":47,"column":1}}}},"branchMap":{"0":{"loc":{"start":{"line":11,"column":9},"end":{"line":11,"column":24}},"type":"binary-expr","locations":[{"start":{"line":11,"column":9},"end":{"line":11,"column":16}},{"start":{"line":11,"column":20},"end":{"line":11,"column":24}}]},"1":{"loc":{"start":{"line":20,"column":9},"end":{"line":20,"column":24}},"type":"binary-expr","locations":[{"start":{"line":20,"column":9},"end":{"line":20,"column":16}},{"start":{"line":20,"column":20},"end":{"line":20,"column":24}}]},"2":{"loc":{"start":{"line":28,"column":9},"end":{"line":28,"column":24}},"type":"binary-expr","locations":[{"start":{"line":28,"column":9},"end":{"line":28,"column":16}},{"start":{"line":28,"column":20},"end":{"line":28,"column":24}}]},"3":{"loc":{"start":{"line":37,"column":15},"end":{"line":37,"column":34}},"type":"binary-expr","locations":[{"start":{"line":37,"column":15},"end":{"line":37,"column":24}},{"start":{"line":37,"column":28},"end":{"line":37,"column":34}}]}},"s":{"0":2,"1":2,"2":2,"3":1,"4":1,"5":1,"6":1,"7":7,"8":7,"9":2,"10":2},"f":{"0":2,"1":1,"2":1,"3":7},"b":{"0":[2,1],"1":[1,0],"2":[1,0],"3":[7,6]}}
,"/Users/noah/Desktop/4420-App/COMP-4350-Group-8/api/src/services/authService.ts": {"path":"/Users/noah/Desktop/4420-App/COMP-4350-Group-8/api/src/services/authService.ts","statementMap":{"0":{"start":{"line":25,"column":0},"end":{"line":25,"column":16}},"1":{"start":{"line":2,"column":0},"end":{"line":2,"column":41}},"2":{"start":{"line":14,"column":0},"end":{"line":14,"column":41}},"3":{"start":{"line":18,"column":20},"end":{"line":18,"column":22}},"4":{"start":{"line":22,"column":2},"end":{"line":22,"column":64}},"5":{"start":{"line":26,"column":30},"end":{"line":26,"column":34}},"6":{"start":{"line":28,"column":2},"end":{"line":109,"column":4}},"7":{"start":{"line":31,"column":21},"end":{"line":31,"column":57}},"8":{"start":{"line":32,"column":6},"end":{"line":32,"column":62}},"9":{"start":{"line":32,"column":18},"end":{"line":32,"column":62}},"10":{"start":{"line":35,"column":28},"end":{"line":35,"column":67}},"11":{"start":{"line":36,"column":19},"end":{"line":40,"column":8}},"12":{"start":{"line":43,"column":26},"end":{"line":43,"column":55}},"13":{"start":{"line":44,"column":43},"end":{"line":44,"column":73}},"14":{"start":{"line":47,"column":6},"end":{"line":47,"column":105}},"15":{"start":{"line":49,"column":6},"end":{"line":49,"column":69}},"16":{"start":{"line":53,"column":19},"end":{"line":53,"column":55}},"17":{"start":{"line":55,"column":6},"end":{"line":55,"column":56}},"18":{"start":{"line":55,"column":17},"end":{"line":55,"column":56}},"19":{"start":{"line":59,"column":17},"end":{"line":59,"column":66}},"20":{"start":{"line":60,"column":6},"end":{"line":60,"column":54}},"21":{"start":{"line":60,"column":15},"end":{"line":60,"column":54}},"22":{"start":{"line":62,"column":26},"end":{"line":62,"column":55}},"23":{"start":{"line":63,"column":43},"end":{"line":63,"column":73}},"24":{"start":{"line":64,"column":6},"end":{"line":64,"column":105}},"25":{"start":{"line":66,"column":6},"end":{"line":66,"column":69}},"26":{"start":{"line":71,"column":48},"end":{"line":71,"column":53}},"27":{"start":{"line":72,"column":22},"end":{"line":72,"column":83}},"28":{"start":{"line":74,"column":6},"end":{"line":76,"column":7}},"29":{"start":{"line":75,"column":8},"end":{"line":75,"column":51}},"30":{"start":{"line":78,"column":21},"end":{"line":78,"column":32}},"31":{"start":{"line":79,"column":21},"end":{"line":79,"column":32}},"32":{"start":{"line":83,"column":18},"end":{"line":83,"column":50}},"33":{"start":{"line":84,"column":6},"end":{"line":88,"column":7}},"34":{"start":{"line":86,"column":8},"end":{"line":86,"column":48}},"35":{"start":{"line":87,"column":8},"end":{"line":87,"column":49}},"36":{"start":{"line":91,"column":6},"end":{"line":91,"column":36}},"37":{"start":{"line":93,"column":19},"end":{"line":93,"column":47}},"38":{"start":{"line":94,"column":6},"end":{"line":94,"column":51}},"39":{"start":{"line":94,"column":17},"end":{"line":94,"column":51}},"40":{"start":{"line":96,"column":26},"end":{"line":96,"column":55}},"41":{"start":{"line":97,"column":51},"end":{"line":97,"column":81}},"42":{"start":{"line":100,"column":21},"end":{"line":100,"column":59}},"43":{"start":{"line":101,"column":6},"end":{"line":101,"column":81}},"44":{"start":{"line":104,"column":6},"end":{"line":107,"column":8}}},"fnMap":{"0":{"name":"toPublicUser","decl":{"start":{"line":21,"column":9},"end":{"line":21,"column":21}},"loc":{"start":{"line":21,"column":72},"end":{"line":23,"column":1}}},"1":{"name":"makeAuthService","decl":{"start":{"line":25,"column":16},"end":{"line":25,"column":31}},"loc":{"start":{"line":25,"column":73},"end":{"line":110,"column":1}}},"2":{"name":"(anonymous_11)","decl":{"start":{"line":30,"column":4},"end":{"line":30,"column":9}},"loc":{"start":{"line":30,"column":39},"end":{"line":50,"column":5}}},"3":{"name":"(anonymous_12)","decl":{"start":{"line":52,"column":4},"end":{"line":52,"column":9}},"loc":{"start":{"line":52,"column":33},"end":{"line":67,"column":5}}},"4":{"name":"(anonymous_13)","decl":{"start":{"line":70,"column":4},"end":{"line":70,"column":9}},"loc":{"start":{"line":70,"column":37},"end":{"line":108,"column":5}}}},"branchMap":{"0":{"loc":{"start":{"line":32,"column":6},"end":{"line":32,"column":62}},"type":"if","locations":[{"start":{"line":32,"column":6},"end":{"line":32,"column":62}}]},"1":{"loc":{"start":{"line":55,"column":6},"end":{"line":55,"column":56}},"type":"if","locations":[{"start":{"line":55,"column":6},"end":{"line":55,"column":56}}]},"2":{"loc":{"start":{"line":60,"column":6},"end":{"line":60,"column":54}},"type":"if","locations":[{"start":{"line":60,"column":6},"end":{"line":60,"column":54}}]},"3":{"loc":{"start":{"line":72,"column":22},"end":{"line":72,"column":83}},"type":"binary-expr","locations":[{"start":{"line":72,"column":22},"end":{"line":72,"column":73}},{"start":{"line":72,"column":77},"end":{"line":72,"column":83}}]},"4":{"loc":{"start":{"line":74,"column":6},"end":{"line":76,"column":7}},"type":"if","locations":[{"start":{"line":74,"column":6},"end":{"line":76,"column":7}}]},"5":{"loc":{"start":{"line":74,"column":10},"end":{"line":74,"column":69}},"type":"binary-expr","locations":[{"start":{"line":74,"column":10},"end":{"line":74,"column":37}},{"start":{"line":74,"column":41},"end":{"line":74,"column":53}},{"start":{"line":74,"column":57},"end":{"line":74,"column":69}}]},"6":{"loc":{"start":{"line":84,"column":6},"end":{"line":88,"column":7}},"type":"if","locations":[{"start":{"line":84,"column":6},"end":{"line":88,"column":7}}]},"7":{"loc":{"start":{"line":84,"column":10},"end":{"line":84,"column":32}},"type":"binary-expr","locations":[{"start":{"line":84,"column":10},"end":{"line":84,"column":14}},{"start":{"line":84,"column":18},"end":{"line":84,"column":32}}]},"8":{"loc":{"start":{"line":94,"column":6},"end":{"line":94,"column":51}},"type":"if","locations":[{"start":{"line":94,"column":6},"end":{"line":94,"column":51}}]}},"s":{"0":1,"1":1,"2":1,"3":1,"4":2,"5":6,"6":6,"7":1,"8":1,"9":0,"10":1,"11":1,"12":1,"13":1,"14":1,"15":1,"16":2,"17":2,"18":0,"19":2,"20":2,"21":1,"22":1,"23":1,"24":1,"25":1,"26":3,"27":3,"28":2,"29":0,"30":2,"31":2,"32":2,"33":2,"34":1,"35":1,"36":1,"37":1,"38":1,"39":0,"40":1,"41":1,"42":1,"43":1,"44":1},"f":{"0":2,"1":6,"2":1,"3":2,"4":3},"b":{"0":[0],"1":[0],"2":[1],"3":[3,0],"4":[0],"5":[2,2,2],"6":[1],"7":[2,1],"8":[0]}}
}
