TN:
SF:src/controllers/authController.ts
FN:35,(anonymous_0)
FN:43,makeAuthController
FN:47,registerUser
FN:67,loginUser
FN:86,refreshToken
FN:117,logoutUser
FNF:6
FNH:4
FNDA:0,(anonymous_0)
FNDA:3,makeAuthController
FNDA:1,registerUser
FNDA:1,loginUser
FNDA:1,refreshToken
FNDA:0,logoutUser
DA:25,1
DA:35,1
DA:37,0
DA:43,1
DA:48,1
DA:52,1
DA:54,1
DA:56,1
DA:62,0
DA:68,1
DA:71,1
DA:74,1
DA:77,1
DA:82,0
DA:90,1
DA:91,1
DA:92,1
DA:94,1
DA:95,0
DA:98,1
DA:100,1
DA:103,1
DA:104,1
DA:109,1
DA:111,0
DA:119,0
DA:120,0
DA:128,0
DA:131,3
LF:29
LH:21
BRDA:92,0,0,1
BRDA:92,0,1,0
BRDA:94,1,0,0
BRF:3
BRH:1
end_of_record
TN:
SF:src/db/Session.ts
FN:12,create
FN:26,findByJti
FN:34,revoke
FN:38,revokeAllForUser
FN:50,setReplacedBy
FNF:5
FNH:5
FNDA:2,create
FNDA:2,findByJti
FNDA:1,revoke
FNDA:1,revokeAllForUser
FNDA:1,setReplacedBy
DA:1,2
DA:17,2
DA:27,2
DA:31,1
DA:35,1
DA:39,1
DA:42,2
DA:50,2
DA:51,1
LF:9
LH:9
BRDA:31,0,0,1
BRDA:31,0,1,0
BRF:2
BRH:1
end_of_record
TN:
SF:src/db/connect.ts
FN:10,query
FNF:1
FNH:1
FNDA:20,query
DA:1,2
DA:2,2
DA:4,2
DA:6,2
DA:7,2
DA:10,2
DA:14,20
LF:7
LH:7
BRDA:2,0,0,2
BRDA:2,0,1,0
BRF:2
BRH:1
end_of_record
TN:
SF:src/db/user.ts
FN:6,findByEmail
FN:15,findByUsername
FN:23,findById
FN:31,create
FNF:4
FNH:4
FNDA:2,findByEmail
FNDA:1,findByUsername
FNDA:1,findById
FNDA:7,create
DA:2,2
DA:7,2
DA:11,2
DA:16,1
DA:20,1
DA:24,1
DA:28,1
DA:37,7
DA:38,7
DA:46,2
DA:49,2
LF:11
LH:11
BRDA:11,0,0,2
BRDA:11,0,1,1
BRDA:20,1,0,1
BRDA:20,1,1,0
BRDA:28,2,0,1
BRDA:28,2,1,0
BRDA:37,3,0,7
BRDA:37,3,1,6
BRF:8
BRH:6
end_of_record
TN:
SF:src/services/authService.ts
FN:21,toPublicUser
FN:25,makeAuthService
FN:30,(anonymous_11)
FN:52,(anonymous_12)
FN:70,(anonymous_13)
FNF:5
FNH:5
FNDA:2,toPublicUser
FNDA:6,makeAuthService
FNDA:1,(anonymous_11)
FNDA:2,(anonymous_12)
FNDA:3,(anonymous_13)
DA:2,1
DA:14,1
DA:18,1
DA:22,2
DA:25,1
DA:26,6
DA:28,6
DA:31,1
DA:32,1
DA:35,1
DA:36,1
DA:43,1
DA:44,1
DA:47,1
DA:49,1
DA:53,2
DA:55,2
DA:59,2
DA:60,2
DA:62,1
DA:63,1
DA:64,1
DA:66,1
DA:71,3
DA:72,3
DA:74,2
DA:75,0
DA:78,2
DA:79,2
DA:83,2
DA:84,2
DA:86,1
DA:87,1
DA:91,1
DA:93,1
DA:94,1
DA:96,1
DA:97,1
DA:100,1
DA:101,1
DA:104,1
LF:41
LH:40
BRDA:32,0,0,0
BRDA:55,1,0,0
BRDA:60,2,0,1
BRDA:72,3,0,3
BRDA:72,3,1,0
BRDA:74,4,0,0
BRDA:74,5,0,2
BRDA:74,5,1,2
BRDA:74,5,2,2
BRDA:84,6,0,1
BRDA:84,7,0,2
BRDA:84,7,1,1
BRDA:94,8,0,0
BRF:13
BRH:8
end_of_record
